<?xml version="1.0" encoding="UTF-8"?>
<testsuite name="com.example.doglogbackend.LargePhotoUploadTest" tests="1" skipped="0" failures="0" errors="0" timestamp="2026-06-12T08:59:43.405Z" hostname="DESKTOP-6UV1IM7" time="0.306">
  <properties/>
  <testcase name="acceptsPhotoFormDataLargerThanTheDefaultTomcatLimit()" classname="com.example.doglogbackend.LargePhotoUploadTest" time="0.306"/>
  <system-out><![CDATA[2026-06-12T17:59:42.933+09:00  INFO 23440 --- [    Test worker] t.c.s.AnnotationConfigContextLoaderUtils : Could not detect default configuration classes for test class [com.example.doglogbackend.LargePhotoUploadTest]: LargePhotoUploadTest does not declare any static, non-private, non-final, nested classes annotated with @Configuration.
2026-06-12T17:59:42.934+09:00  INFO 23440 --- [    Test worker] .b.t.c.SpringBootTestContextBootstrapper : Found @SpringBootConfiguration com.example.doglogbackend.DogLogBackendApplication for test class com.example.doglogbackend.LargePhotoUploadTest

  .   ____          _            __ _ _
 /\\ / ___'_ __ _ _(_)_ __  __ _ \ \ \ \
( ( )\___ | '_ | '_| | '_ \/ _` | \ \ \ \
 \\/  ___)| |_)| | | | | || (_| |  ) ) ) )
  '  |____| .__|_| |_|_| |_\__, | / / / /
 =========|_|==============|___/=/_/_/_/

 :: Spring Boot ::                (v3.3.5)

2026-06-12T17:59:42.956+09:00  INFO 23440 --- [    Test worker] c.e.doglogbackend.LargePhotoUploadTest   : Starting LargePhotoUploadTest using Java 21.0.6 with PID 23440 (started by 남궁 능 in D:\github\android_repository\backend)
2026-06-12T17:59:42.957+09:00  INFO 23440 --- [    Test worker] c.e.doglogbackend.LargePhotoUploadTest   : No active profile set, falling back to 1 default profile: "default"
2026-06-12T17:59:43.188+09:00  INFO 23440 --- [    Test worker] o.s.b.w.embedded.tomcat.TomcatWebServer  : Tomcat initialized with port 0 (http)
2026-06-12T17:59:43.200+09:00  INFO 23440 --- [    Test worker] o.apache.catalina.core.StandardService   : Starting service [Tomcat]
2026-06-12T17:59:43.201+09:00  INFO 23440 --- [    Test worker] o.apache.catalina.core.StandardEngine    : Starting Servlet engine: [Apache Tomcat/10.1.31]
2026-06-12T17:59:43.260+09:00  INFO 23440 --- [    Test worker] o.a.c.c.C.[Tomcat].[localhost].[/]       : Initializing Spring embedded WebApplicationContext
2026-06-12T17:59:43.260+09:00  INFO 23440 --- [    Test worker] w.s.c.ServletWebServerApplicationContext : Root WebApplicationContext: initialization completed in 299 ms
2026-06-12T17:59:43.302+09:00  INFO 23440 --- [    Test worker] com.zaxxer.hikari.HikariDataSource       : HikariPool-2 - Starting...
2026-06-12T17:59:43.304+09:00  INFO 23440 --- [    Test worker] com.zaxxer.hikari.pool.HikariPool        : HikariPool-2 - Added connection conn10: url=jdbc:h2:mem:large-photo-test user=DOGLOG
2026-06-12T17:59:43.305+09:00  INFO 23440 --- [    Test worker] com.zaxxer.hikari.HikariDataSource       : HikariPool-2 - Start completed.
2026-06-12T17:59:43.400+09:00  INFO 23440 --- [    Test worker] o.s.b.w.embedded.tomcat.TomcatWebServer  : Tomcat started on port 53358 (http) with context path '/'
2026-06-12T17:59:43.403+09:00  INFO 23440 --- [    Test worker] c.e.doglogbackend.LargePhotoUploadTest   : Started LargePhotoUploadTest in 0.467 seconds (process running for 3.358)
2026-06-12T17:59:43.506+09:00  INFO 23440 --- [o-auto-1-exec-1] o.a.c.c.C.[Tomcat].[localhost].[/]       : Initializing Spring DispatcherServlet 'dispatcherServlet'
2026-06-12T17:59:43.506+09:00  INFO 23440 --- [o-auto-1-exec-1] o.s.web.servlet.DispatcherServlet        : Initializing Servlet 'dispatcherServlet'
2026-06-12T17:59:43.506+09:00  INFO 23440 --- [o-auto-1-exec-1] o.s.web.servlet.DispatcherServlet        : Completed initialization in 0 ms
]]></system-out>
  <system-err><![CDATA[]]></system-err>
</testsuite>
