<?xml version="1.0" encoding="UTF-8"?>
<testsuite name="com.example.doglogbackend.DogLogControllerTest" tests="8" skipped="0" failures="0" errors="0" timestamp="2026-06-12T08:59:42.636Z" hostname="DESKTOP-6UV1IM7" time="0.289">
  <properties/>
  <testcase name="userCanLoginWithExistingUserTableData()" classname="com.example.doglogbackend.DogLogControllerTest" time="0.164"/>
  <testcase name="koreanDiaryTextIsStoredAndReturnedAsUtf8()" classname="com.example.doglogbackend.DogLogControllerTest" time="0.033"/>
  <testcase name="userCanRegisterAndLogin()" classname="com.example.doglogbackend.DogLogControllerTest" time="0.047"/>
  <testcase name="healthEndpointIsAvailable()" classname="com.example.doglogbackend.DogLogControllerTest" time="0.002"/>
  <testcase name="onlyDogOwnerCanDeleteDogAndTheirDiaries()" classname="com.example.doglogbackend.DogLogControllerTest" time="0.008"/>
  <testcase name="userCanSendContactMessageToDiaryAuthor()" classname="com.example.doglogbackend.DogLogControllerTest" time="0.014"/>
  <testcase name="onlyDiaryAuthorCanDeleteDiary()" classname="com.example.doglogbackend.DogLogControllerTest" time="0.008"/>
  <testcase name="diaryCanOnlyBeSavedForDogsRegisteredByThatFoster()" classname="com.example.doglogbackend.DogLogControllerTest" time="0.005"/>
  <system-out><![CDATA[17:59:40.900 [Test worker] INFO org.springframework.test.context.support.AnnotationConfigContextLoaderUtils -- Could not detect default configuration classes for test class [com.example.doglogbackend.DogLogControllerTest]: DogLogControllerTest does not declare any static, non-private, non-final, nested classes annotated with @Configuration.
17:59:40.995 [Test worker] INFO org.springframework.boot.test.context.SpringBootTestContextBootstrapper -- Found @SpringBootConfiguration com.example.doglogbackend.DogLogBackendApplication for test class com.example.doglogbackend.DogLogControllerTest

  .   ____          _            __ _ _
 /\\ / ___'_ __ _ _(_)_ __  __ _ \ \ \ \
( ( )\___ | '_ | '_| | '_ \/ _` | \ \ \ \
 \\/  ___)| |_)| | | | | || (_| |  ) ) ) )
  '  |____| .__|_| |_|_| |_\__, | / / / /
 =========|_|==============|___/=/_/_/_/

 :: Spring Boot ::                (v3.3.5)

2026-06-12T17:59:41.317+09:00  INFO 23440 --- [    Test worker] c.e.doglogbackend.DogLogControllerTest   : Starting DogLogControllerTest using Java 21.0.6 with PID 23440 (started by 남궁 능 in D:\github\android_repository\backend)
2026-06-12T17:59:41.318+09:00  INFO 23440 --- [    Test worker] c.e.doglogbackend.DogLogControllerTest   : No active profile set, falling back to 1 default profile: "default"
2026-06-12T17:59:42.010+09:00  INFO 23440 --- [    Test worker] com.zaxxer.hikari.HikariDataSource       : HikariPool-1 - Starting...
2026-06-12T17:59:42.153+09:00  INFO 23440 --- [    Test worker] com.zaxxer.hikari.pool.HikariPool        : HikariPool-1 - Added connection conn0: url=jdbc:h2:mem:doglog-test user=DOGLOG
2026-06-12T17:59:42.155+09:00  INFO 23440 --- [    Test worker] com.zaxxer.hikari.HikariDataSource       : HikariPool-1 - Start completed.
2026-06-12T17:59:42.599+09:00  INFO 23440 --- [    Test worker] o.s.b.t.m.w.SpringBootMockServletContext : Initializing Spring TestDispatcherServlet ''
2026-06-12T17:59:42.599+09:00  INFO 23440 --- [    Test worker] o.s.t.web.servlet.TestDispatcherServlet  : Initializing Servlet ''
2026-06-12T17:59:42.601+09:00  INFO 23440 --- [    Test worker] o.s.t.web.servlet.TestDispatcherServlet  : Completed initialization in 1 ms
2026-06-12T17:59:42.622+09:00  INFO 23440 --- [    Test worker] c.e.doglogbackend.DogLogControllerTest   : Started DogLogControllerTest in 1.493 seconds (process running for 2.577)
]]></system-out>
  <system-err><![CDATA[]]></system-err>
</testsuite>
