<?xml version="1.0" encoding="UTF-8"?>
<testsuite name="com.example.doglogbackend.DogLogControllerTest" tests="3" skipped="0" failures="0" errors="0" timestamp="2026-06-11T11:04:16.828Z" hostname="NGN0830" time="3.761">
  <properties/>
  <testcase name="koreanDiaryTextIsStoredAndReturnedAsUtf8()" classname="com.example.doglogbackend.DogLogControllerTest" time="3.705"/>
  <testcase name="userCanRegisterAndLogin()" classname="com.example.doglogbackend.DogLogControllerTest" time="0.043"/>
  <testcase name="healthEndpointIsAvailable()" classname="com.example.doglogbackend.DogLogControllerTest" time="0.008"/>
  <system-out><![CDATA[20:04:07.972 [Test worker] INFO org.springframework.test.context.support.AnnotationConfigContextLoaderUtils -- Could not detect default configuration classes for test class [com.example.doglogbackend.DogLogControllerTest]: DogLogControllerTest does not declare any static, non-private, non-final, nested classes annotated with @Configuration.
20:04:08.339 [Test worker] INFO org.springframework.boot.test.context.SpringBootTestContextBootstrapper -- Found @SpringBootConfiguration com.example.doglogbackend.DogLogBackendApplication for test class com.example.doglogbackend.DogLogControllerTest

  .   ____          _            __ _ _
 /\\ / ___'_ __ _ _(_)_ __  __ _ \ \ \ \
( ( )\___ | '_ | '_| | '_ \/ _` | \ \ \ \
 \\/  ___)| |_)| | | | | || (_| |  ) ) ) )
  '  |____| .__|_| |_|_| |_\__, | / / / /
 =========|_|==============|___/=/_/_/_/

 :: Spring Boot ::                (v3.3.5)

2026-06-11T20:04:10.127+09:00  INFO 4756 --- [    Test worker] c.e.doglogbackend.DogLogControllerTest   : Starting DogLogControllerTest using Java 21.0.10 with PID 4756 (started by smd08 in C:\develop\KDTgit\codingtest\android_repository\backend)
2026-06-11T20:04:10.131+09:00  INFO 4756 --- [    Test worker] c.e.doglogbackend.DogLogControllerTest   : No active profile set, falling back to 1 default profile: "default"
2026-06-11T20:04:13.725+09:00  INFO 4756 --- [    Test worker] com.zaxxer.hikari.HikariDataSource       : HikariPool-1 - Starting...
2026-06-11T20:04:14.486+09:00  INFO 4756 --- [    Test worker] com.zaxxer.hikari.pool.HikariPool        : HikariPool-1 - Added connection conn0: url=jdbc:h2:mem:doglog-test user=SA
2026-06-11T20:04:14.492+09:00  INFO 4756 --- [    Test worker] com.zaxxer.hikari.HikariDataSource       : HikariPool-1 - Start completed.
2026-06-11T20:04:16.628+09:00  INFO 4756 --- [    Test worker] o.s.b.t.m.w.SpringBootMockServletContext : Initializing Spring TestDispatcherServlet ''
2026-06-11T20:04:16.629+09:00  INFO 4756 --- [    Test worker] o.s.t.web.servlet.TestDispatcherServlet  : Initializing Servlet ''
2026-06-11T20:04:16.632+09:00  INFO 4756 --- [    Test worker] o.s.t.web.servlet.TestDispatcherServlet  : Completed initialization in 1 ms
2026-06-11T20:04:16.773+09:00  INFO 4756 --- [    Test worker] c.e.doglogbackend.DogLogControllerTest   : Started DogLogControllerTest in 7.697 seconds (process running for 13.241)
]]></system-out>
  <system-err><![CDATA[WARNING: A Java agent has been loaded dynamically (C:\Users\smd08\.gradle\caches\modules-2\files-2.1\net.bytebuddy\byte-buddy-agent\1.14.19\154da3a65b4f4a909d3e5bdec55d1b2b4cbb6ce1\byte-buddy-agent-1.14.19.jar)
WARNING: If a serviceability tool is in use, please run with -XX:+EnableDynamicAgentLoading to hide this warning
WARNING: If a serviceability tool is not in use, please run with -Djdk.instrument.traceUsage for more information
WARNING: Dynamic loading of agents will be disallowed by default in a future release
]]></system-err>
</testsuite>
